<?xml version="1.0" encoding="UTF-8"?>
<coverage generated="1744424651983" clover="3.2.0">
  <project timestamp="1744424651983" name="All files">
    <metrics statements="18" coveredstatements="18" conditionals="3" coveredconditionals="3" methods="8" coveredmethods="8" elements="29" coveredelements="29" complexity="0" loc="18" ncloc="18" packages="1" files="4" classes="4"/>
    <file name="manager.js" path="C:\Users\jayla\OneDrive\Desktop\Study Files\BCIS211 - Web and media development\assesment\triathlon\model\manager.js">
      <metrics statements="7" coveredstatements="7" conditionals="1" coveredconditionals="1" methods="4" coveredmethods="4"/>
      <line num="5" count="2" type="stmt"/>
      <line num="6" count="2" type="stmt"/>
      <line num="9" count="2" type="cond" truecount="1" falsecount="0"/>
      <line num="10" count="2" type="stmt"/>
      <line num="11" count="2" type="stmt"/>
      <line num="13" count="2" type="stmt"/>
      <line num="14" count="2" type="stmt"/>
    </file>
    <file name="subtract.js" path="C:\Users\jayla\OneDrive\Desktop\Study Files\BCIS211 - Web and media development\assesment\triathlon\model\subtract.js">
      <metrics statements="1" coveredstatements="1" conditionals="2" coveredconditionals="2" methods="1" coveredmethods="1"/>
      <line num="2" count="2" type="cond" truecount="2" falsecount="0"/>
    </file>
    <file name="sum.js" path="C:\Users\jayla\OneDrive\Desktop\Study Files\BCIS211 - Web and media development\assesment\triathlon\model\sum.js">
      <metrics statements="1" coveredstatements="1" conditionals="0" coveredconditionals="0" methods="1" coveredmethods="1"/>
      <line num="2" count="1" type="stmt"/>
    </file>
    <file name="workout.js" path="C:\Users\jayla\OneDrive\Desktop\Study Files\BCIS211 - Web and media development\assesment\triathlon\model\workout.js">
      <metrics statements="9" coveredstatements="9" conditionals="0" coveredconditionals="0" methods="2" coveredmethods="2"/>
      <line num="6" count="3" type="stmt"/>
      <line num="7" count="3" type="stmt"/>
      <line num="10" count="3" type="stmt"/>
      <line num="11" count="3" type="stmt"/>
      <line num="12" count="3" type="stmt"/>
      <line num="13" count="3" type="stmt"/>
      <line num="14" count="3" type="stmt"/>
      <line num="15" count="3" type="stmt"/>
      <line num="18" count="1" type="stmt"/>
    </file>
  </project>
</coverage>
