{"C:\\Users\\jayla\\OneDrive\\Desktop\\Study Files\\BCIS211 - Web and media development\\assesment\\triathlon\\model\\subtract.js": {"path":"C:\\Users\\jayla\\OneDrive\\Desktop\\Study Files\\BCIS211 - Web and media development\\assesment\\triathlon\\model\\subtract.js","statementMap":{"0":{"start":{"line":2,"column":4},"end":{"line":2,"column":32}}},"fnMap":{"0":{"name":"subtract","decl":{"start":{"line":1,"column":9},"end":{"line":1,"column":17}},"loc":{"start":{"line":1,"column":24},"end":{"line":3,"column":1}},"line":1}},"branchMap":{"0":{"loc":{"start":{"line":2,"column":11},"end":{"line":2,"column":32}},"type":"cond-expr","locations":[{"start":{"line":2,"column":19},"end":{"line":2,"column":24}},{"start":{"line":2,"column":27},"end":{"line":2,"column":32}}],"line":2}},"s":{"0":2},"f":{"0":2},"b":{"0":[1,1]},"_coverageSchema":"1a1c01bbd47fc00a2c39e90264f33305004495a9","hash":"650b1c01eaa558d225ef85ba8abb2080f34a0fc3"}
,"C:\\Users\\jayla\\OneDrive\\Desktop\\Study Files\\BCIS211 - Web and media development\\assesment\\triathlon\\model\\sum.js": {"path":"C:\\Users\\jayla\\OneDrive\\Desktop\\Study Files\\BCIS211 - Web and media development\\assesment\\triathlon\\model\\sum.js","statementMap":{"0":{"start":{"line":2,"column":4},"end":{"line":2,"column":16}}},"fnMap":{"0":{"name":"sum","decl":{"start":{"line":1,"column":9},"end":{"line":1,"column":12}},"loc":{"start":{"line":1,"column":19},"end":{"line":3,"column":1}},"line":1}},"branchMap":{},"s":{"0":1},"f":{"0":1},"b":{},"_coverageSchema":"1a1c01bbd47fc00a2c39e90264f33305004495a9","hash":"29f9ea9f9384f7e56389ada82e6a64e91ec8e647"}
,"C:\\Users\\jayla\\OneDrive\\Desktop\\Study Files\\BCIS211 - Web and media development\\assesment\\triathlon\\model\\workout.js": {"path":"C:\\Users\\jayla\\OneDrive\\Desktop\\Study Files\\BCIS211 - Web and media development\\assesment\\triathlon\\model\\workout.js","statementMap":{"0":{"start":{"line":10,"column":8},"end":{"line":10,"column":20}},"1":{"start":{"line":11,"column":8},"end":{"line":11,"column":24}},"2":{"start":{"line":12,"column":8},"end":{"line":12,"column":24}},"3":{"start":{"line":13,"column":8},"end":{"line":13,"column":32}},"4":{"start":{"line":14,"column":8},"end":{"line":14,"column":28}},"5":{"start":{"line":15,"column":8},"end":{"line":15,"column":30}},"6":{"start":{"line":18,"column":8},"end":{"line":18,"column":101}}},"fnMap":{"0":{"name":"(anonymous_0)","decl":{"start":{"line":9,"column":4},"end":{"line":9,"column":5}},"loc":{"start":{"line":9,"column":53},"end":{"line":16,"column":5}},"line":9},"1":{"name":"(anonymous_1)","decl":{"start":{"line":17,"column":4},"end":{"line":17,"column":5}},"loc":{"start":{"line":17,"column":14},"end":{"line":19,"column":5}},"line":17}},"branchMap":{},"s":{"0":1,"1":1,"2":1,"3":1,"4":1,"5":1,"6":1},"f":{"0":1,"1":1},"b":{},"_coverageSchema":"1a1c01bbd47fc00a2c39e90264f33305004495a9","hash":"53dcda7f272fa8bc0c50b3f0c3bb7620fed6f9c9"}
}
