<?xml version="1.0" encoding="UTF-8"?>
<coverage generated="1744576173267" clover="3.2.0">
  <project timestamp="1744576173267" name="All files">
    <metrics statements="101" coveredstatements="93" conditionals="37" coveredconditionals="19" methods="31" coveredmethods="25" elements="169" coveredelements="137" complexity="0" loc="101" ncloc="101" packages="1" files="4" classes="4"/>
    <file name="manager.js" path="C:\Users\jayla\OneDrive\Desktop\Study Files\BCIS211 - Web and media development\assesment\triathlon\model\manager.js">
      <metrics statements="79" coveredstatements="71" conditionals="29" coveredconditionals="12" methods="25" coveredmethods="19"/>
      <line num="7" count="12" type="stmt"/>
      <line num="8" count="12" type="stmt"/>
      <line num="11" count="12" type="cond" truecount="1" falsecount="2"/>
      <line num="12" count="4" type="stmt"/>
      <line num="13" count="4" type="stmt"/>
      <line num="14" count="4" type="stmt"/>
      <line num="16" count="12" type="stmt"/>
      <line num="17" count="2" type="stmt"/>
      <line num="20" count="12" type="stmt"/>
      <line num="22" count="12" type="stmt"/>
      <line num="23" count="0" type="stmt"/>
      <line num="24" count="0" type="cond" truecount="0" falsecount="2"/>
      <line num="26" count="0" type="stmt"/>
      <line num="29" count="12" type="cond" truecount="0" falsecount="2"/>
      <line num="30" count="1" type="stmt"/>
      <line num="31" count="1" type="cond" truecount="1" falsecount="1"/>
      <line num="33" count="1" type="stmt"/>
      <line num="34" count="1" type="stmt"/>
      <line num="35" count="1" type="cond" truecount="1" falsecount="1"/>
      <line num="39" count="12" type="cond" truecount="0" falsecount="1"/>
      <line num="40" count="1" type="stmt"/>
      <line num="41" count="1" type="cond" truecount="1" falsecount="1"/>
      <line num="43" count="2" type="stmt"/>
      <line num="44" count="1" type="cond" truecount="1" falsecount="1"/>
      <line num="46" count="1" type="stmt"/>
      <line num="49" count="12" type="stmt"/>
      <line num="50" count="0" type="stmt"/>
      <line num="51" count="0" type="cond" truecount="0" falsecount="2"/>
      <line num="53" count="0" type="stmt"/>
      <line num="60" count="12" type="stmt"/>
      <line num="61" count="10" type="stmt"/>
      <line num="62" count="10" type="stmt"/>
      <line num="64" count="12" type="stmt"/>
      <line num="65" count="1" type="stmt"/>
      <line num="68" count="12" type="stmt"/>
      <line num="70" count="12" type="stmt"/>
      <line num="71" count="4" type="stmt"/>
      <line num="72" count="4" type="stmt"/>
      <line num="73" count="4" type="cond" truecount="2" falsecount="0"/>
      <line num="74" count="1" type="stmt"/>
      <line num="75" count="1" type="stmt"/>
      <line num="77" count="3" type="cond" truecount="2" falsecount="0"/>
      <line num="78" count="1" type="stmt"/>
      <line num="79" count="1" type="stmt"/>
      <line num="81" count="2" type="stmt"/>
      <line num="84" count="12" type="stmt"/>
      <line num="85" count="0" type="stmt"/>
      <line num="88" count="12" type="cond" truecount="0" falsecount="2"/>
      <line num="89" count="3" type="stmt"/>
      <line num="90" count="3" type="stmt"/>
      <line num="91" count="7" type="cond" truecount="2" falsecount="0"/>
      <line num="95" count="12" type="cond" truecount="0" falsecount="1"/>
      <line num="96" count="1" type="stmt"/>
      <line num="97" count="1" type="cond" truecount="1" falsecount="1"/>
      <line num="98" count="1" type="stmt"/>
      <line num="101" count="12" type="stmt"/>
      <line num="102" count="0" type="stmt"/>
      <line num="110" count="1" type="stmt"/>
      <line num="111" count="1" type="stmt"/>
      <line num="112" count="1" type="stmt"/>
      <line num="113" count="1" type="stmt"/>
      <line num="114" count="1" type="stmt"/>
      <line num="116" count="1" type="stmt"/>
      <line num="117" count="1" type="stmt"/>
      <line num="118" count="1" type="stmt"/>
      <line num="119" count="1" type="stmt"/>
      <line num="120" count="1" type="stmt"/>
      <line num="122" count="1" type="stmt"/>
      <line num="123" count="1" type="stmt"/>
      <line num="130" count="1" type="stmt"/>
      <line num="137" count="1" type="stmt"/>
      <line num="139" count="1" type="stmt"/>
      <line num="141" count="1" type="stmt"/>
      <line num="142" count="1" type="stmt"/>
      <line num="146" count="1" type="stmt"/>
      <line num="147" count="1" type="stmt"/>
      <line num="149" count="1" type="stmt"/>
      <line num="154" count="1" type="stmt"/>
      <line num="160" count="1" type="stmt"/>
    </file>
    <file name="session.js" path="C:\Users\jayla\OneDrive\Desktop\Study Files\BCIS211 - Web and media development\assesment\triathlon\model\session.js">
      <metrics statements="9" coveredstatements="9" conditionals="0" coveredconditionals="0" methods="3" coveredmethods="3"/>
      <line num="7" count="11" type="stmt"/>
      <line num="8" count="11" type="stmt"/>
      <line num="9" count="11" type="stmt"/>
      <line num="10" count="11" type="stmt"/>
      <line num="11" count="11" type="stmt"/>
      <line num="14" count="11" type="stmt"/>
      <line num="15" count="2" type="stmt"/>
      <line num="17" count="11" type="stmt"/>
      <line num="18" count="1" type="stmt"/>
    </file>
    <file name="utils.js" path="C:\Users\jayla\OneDrive\Desktop\Study Files\BCIS211 - Web and media development\assesment\triathlon\model\utils.js">
      <metrics statements="4" coveredstatements="4" conditionals="8" coveredconditionals="7" methods="1" coveredmethods="1"/>
      <line num="4" count="3" type="cond" truecount="4" falsecount="0"/>
      <line num="5" count="1" type="stmt"/>
      <line num="8" count="2" type="cond" truecount="3" falsecount="1"/>
      <line num="9" count="1" type="stmt"/>
    </file>
    <file name="workout.js" path="C:\Users\jayla\OneDrive\Desktop\Study Files\BCIS211 - Web and media development\assesment\triathlon\model\workout.js">
      <metrics statements="9" coveredstatements="9" conditionals="0" coveredconditionals="0" methods="2" coveredmethods="2"/>
      <line num="6" count="5" type="stmt"/>
      <line num="7" count="5" type="stmt"/>
      <line num="10" count="5" type="stmt"/>
      <line num="11" count="5" type="stmt"/>
      <line num="12" count="5" type="stmt"/>
      <line num="13" count="5" type="stmt"/>
      <line num="14" count="5" type="stmt"/>
      <line num="15" count="5" type="stmt"/>
      <line num="18" count="1" type="stmt"/>
    </file>
  </project>
</coverage>
