{"C:\\Users\\jayla\\OneDrive\\Desktop\\Study Files\\BCIS211 - Web and media development\\assesment\\triathlon\\model\\manager.js": {"path":"C:\\Users\\jayla\\OneDrive\\Desktop\\Study Files\\BCIS211 - Web and media development\\assesment\\triathlon\\model\\manager.js","statementMap":{"0":{"start":{"line":7,"column":8},"end":{"line":7,"column":29}},"1":{"start":{"line":8,"column":8},"end":{"line":8,"column":29}},"2":{"start":{"line":11,"column":17},"end":{"line":15,"column":5}},"3":{"start":{"line":12,"column":8},"end":{"line":12,"column":62}},"4":{"start":{"line":13,"column":22},"end":{"line":13,"column":93}},"5":{"start":{"line":14,"column":8},"end":{"line":14,"column":38}},"6":{"start":{"line":16,"column":21},"end":{"line":18,"column":5}},"7":{"start":{"line":17,"column":8},"end":{"line":17,"column":237}},"8":{"start":{"line":17,"column":47},"end":{"line":17,"column":224}},"9":{"start":{"line":20,"column":18},"end":{"line":20,"column":77}},"10":{"start":{"line":20,"column":26},"end":{"line":20,"column":77}},"11":{"start":{"line":20,"column":59},"end":{"line":20,"column":76}},"12":{"start":{"line":22,"column":29},"end":{"line":27,"column":7}},"13":{"start":{"line":23,"column":24},"end":{"line":23,"column":51}},"14":{"start":{"line":24,"column":8},"end":{"line":24,"column":55}},"15":{"start":{"line":24,"column":22},"end":{"line":24,"column":55}},"16":{"start":{"line":26,"column":8},"end":{"line":26,"column":49}},"17":{"start":{"line":29,"column":28},"end":{"line":37,"column":7}},"18":{"start":{"line":30,"column":24},"end":{"line":30,"column":51}},"19":{"start":{"line":31,"column":8},"end":{"line":31,"column":58}},"20":{"start":{"line":31,"column":22},"end":{"line":31,"column":58}},"21":{"start":{"line":33,"column":23},"end":{"line":33,"column":39}},"22":{"start":{"line":34,"column":8},"end":{"line":36,"column":9}},"23":{"start":{"line":35,"column":10},"end":{"line":35,"column":96}},"24":{"start":{"line":39,"column":27},"end":{"line":47,"column":5}},"25":{"start":{"line":40,"column":24},"end":{"line":40,"column":51}},"26":{"start":{"line":41,"column":8},"end":{"line":41,"column":54}},"27":{"start":{"line":41,"column":22},"end":{"line":41,"column":54}},"28":{"start":{"line":43,"column":24},"end":{"line":43,"column":81}},"29":{"start":{"line":43,"column":56},"end":{"line":43,"column":80}},"30":{"start":{"line":44,"column":8},"end":{"line":44,"column":65}},"31":{"start":{"line":44,"column":22},"end":{"line":44,"column":65}},"32":{"start":{"line":46,"column":8},"end":{"line":46,"column":39}},"33":{"start":{"line":49,"column":29},"end":{"line":54,"column":5}},"34":{"start":{"line":50,"column":24},"end":{"line":50,"column":51}},"35":{"start":{"line":51,"column":8},"end":{"line":51,"column":55}},"36":{"start":{"line":51,"column":22},"end":{"line":51,"column":55}},"37":{"start":{"line":53,"column":8},"end":{"line":53,"column":86}},"38":{"start":{"line":53,"column":60},"end":{"line":53,"column":84}},"39":{"start":{"line":60,"column":17},"end":{"line":63,"column":5}},"40":{"start":{"line":61,"column":22},"end":{"line":61,"column":62}},"41":{"start":{"line":62,"column":8},"end":{"line":62,"column":38}},"42":{"start":{"line":64,"column":20},"end":{"line":66,"column":5}},"43":{"start":{"line":65,"column":8},"end":{"line":65,"column":176}},"44":{"start":{"line":65,"column":47},"end":{"line":65,"column":164}},"45":{"start":{"line":68,"column":18},"end":{"line":68,"column":77}},"46":{"start":{"line":68,"column":26},"end":{"line":68,"column":77}},"47":{"start":{"line":68,"column":59},"end":{"line":68,"column":76}},"48":{"start":{"line":70,"column":17},"end":{"line":82,"column":5}},"49":{"start":{"line":71,"column":22},"end":{"line":71,"column":49}},"50":{"start":{"line":72,"column":22},"end":{"line":72,"column":49}},"51":{"start":{"line":73,"column":8},"end":{"line":76,"column":9}},"52":{"start":{"line":74,"column":12},"end":{"line":74,"column":48}},"53":{"start":{"line":75,"column":12},"end":{"line":75,"column":18}},"54":{"start":{"line":77,"column":8},"end":{"line":80,"column":9}},"55":{"start":{"line":78,"column":12},"end":{"line":78,"column":48}},"56":{"start":{"line":79,"column":12},"end":{"line":79,"column":18}},"57":{"start":{"line":81,"column":8},"end":{"line":81,"column":35}},"58":{"start":{"line":84,"column":20},"end":{"line":86,"column":7}},"59":{"start":{"line":85,"column":8},"end":{"line":85,"column":44}},"60":{"start":{"line":88,"column":19},"end":{"line":93,"column":7}},"61":{"start":{"line":89,"column":23},"end":{"line":89,"column":39}},"62":{"start":{"line":90,"column":8},"end":{"line":92,"column":9}},"63":{"start":{"line":91,"column":10},"end":{"line":91,"column":96}},"64":{"start":{"line":95,"column":18},"end":{"line":99,"column":5}},"65":{"start":{"line":96,"column":24},"end":{"line":96,"column":44}},"66":{"start":{"line":97,"column":8},"end":{"line":97,"column":58}},"67":{"start":{"line":97,"column":22},"end":{"line":97,"column":58}},"68":{"start":{"line":98,"column":8},"end":{"line":98,"column":39}},"69":{"start":{"line":101,"column":20},"end":{"line":103,"column":5}},"70":{"start":{"line":102,"column":8},"end":{"line":102,"column":88}},"71":{"start":{"line":102,"column":62},"end":{"line":102,"column":86}},"72":{"start":{"line":110,"column":22},"end":{"line":110,"column":23}},"73":{"start":{"line":111,"column":24},"end":{"line":111,"column":33}},"74":{"start":{"line":112,"column":24},"end":{"line":112,"column":33}},"75":{"start":{"line":113,"column":28},"end":{"line":113,"column":30}},"76":{"start":{"line":114,"column":27},"end":{"line":114,"column":46}},"77":{"start":{"line":116,"column":23},"end":{"line":116,"column":24}},"78":{"start":{"line":117,"column":25},"end":{"line":117,"column":31}},"79":{"start":{"line":118,"column":25},"end":{"line":118,"column":33}},"80":{"start":{"line":119,"column":29},"end":{"line":119,"column":30}},"81":{"start":{"line":120,"column":28},"end":{"line":120,"column":47}},"82":{"start":{"line":122,"column":16},"end":{"line":122,"column":29}},"83":{"start":{"line":123,"column":0},"end":{"line":128,"column":23}},"84":{"start":{"line":130,"column":0},"end":{"line":135,"column":24}},"85":{"start":{"line":137,"column":0},"end":{"line":137,"column":60}},"86":{"start":{"line":139,"column":0},"end":{"line":139,"column":50}},"87":{"start":{"line":141,"column":0},"end":{"line":141,"column":23}},"88":{"start":{"line":142,"column":0},"end":{"line":142,"column":23}},"89":{"start":{"line":146,"column":0},"end":{"line":146,"column":35}},"90":{"start":{"line":147,"column":0},"end":{"line":147,"column":52}},"91":{"start":{"line":149,"column":0},"end":{"line":152,"column":2}},"92":{"start":{"line":154,"column":0},"end":{"line":158,"column":2}},"93":{"start":{"line":160,"column":0},"end":{"line":160,"column":32}}},"fnMap":{"0":{"name":"(anonymous_0)","decl":{"start":{"line":6,"column":4},"end":{"line":6,"column":5}},"loc":{"start":{"line":6,"column":17},"end":{"line":9,"column":5}},"line":6},"1":{"name":"(anonymous_1)","decl":{"start":{"line":11,"column":17},"end":{"line":11,"column":18}},"loc":{"start":{"line":11,"column":104},"end":{"line":15,"column":5}},"line":11},"2":{"name":"(anonymous_2)","decl":{"start":{"line":16,"column":21},"end":{"line":16,"column":22}},"loc":{"start":{"line":16,"column":27},"end":{"line":18,"column":5}},"line":16},"3":{"name":"(anonymous_3)","decl":{"start":{"line":17,"column":36},"end":{"line":17,"column":37}},"loc":{"start":{"line":17,"column":47},"end":{"line":17,"column":224}},"line":17},"4":{"name":"(anonymous_4)","decl":{"start":{"line":20,"column":18},"end":{"line":20,"column":19}},"loc":{"start":{"line":20,"column":26},"end":{"line":20,"column":77}},"line":20},"5":{"name":"(anonymous_5)","decl":{"start":{"line":20,"column":48},"end":{"line":20,"column":49}},"loc":{"start":{"line":20,"column":59},"end":{"line":20,"column":76}},"line":20},"6":{"name":"(anonymous_6)","decl":{"start":{"line":22,"column":29},"end":{"line":22,"column":30}},"loc":{"start":{"line":22,"column":55},"end":{"line":27,"column":7}},"line":22},"7":{"name":"(anonymous_7)","decl":{"start":{"line":29,"column":28},"end":{"line":29,"column":29}},"loc":{"start":{"line":29,"column":70},"end":{"line":37,"column":7}},"line":29},"8":{"name":"(anonymous_8)","decl":{"start":{"line":34,"column":29},"end":{"line":34,"column":30}},"loc":{"start":{"line":35,"column":10},"end":{"line":35,"column":96}},"line":35},"9":{"name":"(anonymous_9)","decl":{"start":{"line":39,"column":27},"end":{"line":39,"column":28}},"loc":{"start":{"line":39,"column":67},"end":{"line":47,"column":5}},"line":39},"10":{"name":"(anonymous_10)","decl":{"start":{"line":43,"column":45},"end":{"line":43,"column":46}},"loc":{"start":{"line":43,"column":56},"end":{"line":43,"column":80}},"line":43},"11":{"name":"(anonymous_11)","decl":{"start":{"line":49,"column":29},"end":{"line":49,"column":30}},"loc":{"start":{"line":49,"column":55},"end":{"line":54,"column":5}},"line":49},"12":{"name":"(anonymous_12)","decl":{"start":{"line":53,"column":49},"end":{"line":53,"column":50}},"loc":{"start":{"line":53,"column":60},"end":{"line":53,"column":84}},"line":53},"13":{"name":"(anonymous_13)","decl":{"start":{"line":60,"column":17},"end":{"line":60,"column":18}},"loc":{"start":{"line":60,"column":49},"end":{"line":63,"column":5}},"line":60},"14":{"name":"(anonymous_14)","decl":{"start":{"line":64,"column":20},"end":{"line":64,"column":21}},"loc":{"start":{"line":64,"column":26},"end":{"line":66,"column":5}},"line":64},"15":{"name":"(anonymous_15)","decl":{"start":{"line":65,"column":36},"end":{"line":65,"column":37}},"loc":{"start":{"line":65,"column":47},"end":{"line":65,"column":164}},"line":65},"16":{"name":"(anonymous_16)","decl":{"start":{"line":68,"column":18},"end":{"line":68,"column":19}},"loc":{"start":{"line":68,"column":26},"end":{"line":68,"column":77}},"line":68},"17":{"name":"(anonymous_17)","decl":{"start":{"line":68,"column":48},"end":{"line":68,"column":49}},"loc":{"start":{"line":68,"column":59},"end":{"line":68,"column":76}},"line":68},"18":{"name":"(anonymous_18)","decl":{"start":{"line":70,"column":17},"end":{"line":70,"column":18}},"loc":{"start":{"line":70,"column":41},"end":{"line":82,"column":5}},"line":70},"19":{"name":"(anonymous_19)","decl":{"start":{"line":84,"column":20},"end":{"line":84,"column":21}},"loc":{"start":{"line":84,"column":29},"end":{"line":86,"column":7}},"line":84},"20":{"name":"(anonymous_20)","decl":{"start":{"line":88,"column":19},"end":{"line":88,"column":20}},"loc":{"start":{"line":88,"column":50},"end":{"line":93,"column":7}},"line":88},"21":{"name":"(anonymous_21)","decl":{"start":{"line":90,"column":30},"end":{"line":90,"column":31}},"loc":{"start":{"line":91,"column":10},"end":{"line":91,"column":96}},"line":91},"22":{"name":"(anonymous_22)","decl":{"start":{"line":95,"column":18},"end":{"line":95,"column":19}},"loc":{"start":{"line":95,"column":40},"end":{"line":99,"column":5}},"line":95},"23":{"name":"(anonymous_23)","decl":{"start":{"line":101,"column":20},"end":{"line":101,"column":21}},"loc":{"start":{"line":101,"column":35},"end":{"line":103,"column":5}},"line":101},"24":{"name":"(anonymous_24)","decl":{"start":{"line":102,"column":51},"end":{"line":102,"column":52}},"loc":{"start":{"line":102,"column":62},"end":{"line":102,"column":86}},"line":102}},"branchMap":{"0":{"loc":{"start":{"line":11,"column":34},"end":{"line":11,"column":52}},"type":"default-arg","locations":[{"start":{"line":11,"column":44},"end":{"line":11,"column":52}}],"line":11},"1":{"loc":{"start":{"line":11,"column":54},"end":{"line":11,"column":69}},"type":"default-arg","locations":[{"start":{"line":11,"column":68},"end":{"line":11,"column":69}}],"line":11},"2":{"loc":{"start":{"line":11,"column":70},"end":{"line":11,"column":87}},"type":"default-arg","locations":[{"start":{"line":11,"column":82},"end":{"line":11,"column":87}}],"line":11},"3":{"loc":{"start":{"line":24,"column":8},"end":{"line":24,"column":55}},"type":"if","locations":[{"start":{"line":24,"column":8},"end":{"line":24,"column":55}},{"start":{},"end":{}}],"line":24},"4":{"loc":{"start":{"line":29,"column":40},"end":{"line":29,"column":50}},"type":"default-arg","locations":[{"start":{"line":29,"column":46},"end":{"line":29,"column":50}}],"line":29},"5":{"loc":{"start":{"line":29,"column":52},"end":{"line":29,"column":65}},"type":"default-arg","locations":[{"start":{"line":29,"column":60},"end":{"line":29,"column":65}}],"line":29},"6":{"loc":{"start":{"line":31,"column":8},"end":{"line":31,"column":58}},"type":"if","locations":[{"start":{"line":31,"column":8},"end":{"line":31,"column":58}},{"start":{},"end":{}}],"line":31},"7":{"loc":{"start":{"line":35,"column":10},"end":{"line":35,"column":96}},"type":"cond-expr","locations":[{"start":{"line":35,"column":19},"end":{"line":35,"column":56}},{"start":{"line":35,"column":59},"end":{"line":35,"column":96}}],"line":35},"8":{"loc":{"start":{"line":39,"column":50},"end":{"line":39,"column":62}},"type":"default-arg","locations":[{"start":{"line":39,"column":60},"end":{"line":39,"column":62}}],"line":39},"9":{"loc":{"start":{"line":41,"column":8},"end":{"line":41,"column":54}},"type":"if","locations":[{"start":{"line":41,"column":8},"end":{"line":41,"column":54}},{"start":{},"end":{}}],"line":41},"10":{"loc":{"start":{"line":44,"column":8},"end":{"line":44,"column":65}},"type":"if","locations":[{"start":{"line":44,"column":8},"end":{"line":44,"column":65}},{"start":{},"end":{}}],"line":44},"11":{"loc":{"start":{"line":51,"column":8},"end":{"line":51,"column":55}},"type":"if","locations":[{"start":{"line":51,"column":8},"end":{"line":51,"column":55}},{"start":{},"end":{}}],"line":51},"12":{"loc":{"start":{"line":73,"column":8},"end":{"line":76,"column":9}},"type":"if","locations":[{"start":{"line":73,"column":8},"end":{"line":76,"column":9}},{"start":{},"end":{}}],"line":73},"13":{"loc":{"start":{"line":77,"column":8},"end":{"line":80,"column":9}},"type":"if","locations":[{"start":{"line":77,"column":8},"end":{"line":80,"column":9}},{"start":{},"end":{}}],"line":77},"14":{"loc":{"start":{"line":88,"column":20},"end":{"line":88,"column":30}},"type":"default-arg","locations":[{"start":{"line":88,"column":26},"end":{"line":88,"column":30}}],"line":88},"15":{"loc":{"start":{"line":88,"column":32},"end":{"line":88,"column":45}},"type":"default-arg","locations":[{"start":{"line":88,"column":40},"end":{"line":88,"column":45}}],"line":88},"16":{"loc":{"start":{"line":91,"column":10},"end":{"line":91,"column":96}},"type":"cond-expr","locations":[{"start":{"line":91,"column":19},"end":{"line":91,"column":56}},{"start":{"line":91,"column":59},"end":{"line":91,"column":96}}],"line":91},"17":{"loc":{"start":{"line":95,"column":23},"end":{"line":95,"column":35}},"type":"default-arg","locations":[{"start":{"line":95,"column":33},"end":{"line":95,"column":35}}],"line":95},"18":{"loc":{"start":{"line":97,"column":8},"end":{"line":97,"column":58}},"type":"if","locations":[{"start":{"line":97,"column":8},"end":{"line":97,"column":58}},{"start":{},"end":{}}],"line":97}},"s":{"0":12,"1":12,"2":12,"3":4,"4":4,"5":4,"6":12,"7":2,"8":2,"9":12,"10":4,"11":3,"12":12,"13":0,"14":0,"15":0,"16":0,"17":12,"18":1,"19":1,"20":0,"21":1,"22":1,"23":1,"24":12,"25":1,"26":1,"27":0,"28":1,"29":2,"30":1,"31":0,"32":1,"33":12,"34":0,"35":0,"36":0,"37":0,"38":0,"39":12,"40":10,"41":10,"42":12,"43":1,"44":1,"45":12,"46":7,"47":6,"48":12,"49":4,"50":4,"51":4,"52":1,"53":1,"54":3,"55":1,"56":1,"57":2,"58":12,"59":0,"60":12,"61":3,"62":3,"63":7,"64":12,"65":1,"66":1,"67":0,"68":1,"69":12,"70":0,"71":0,"72":1,"73":1,"74":1,"75":1,"76":1,"77":1,"78":1,"79":1,"80":1,"81":1,"82":1,"83":1,"84":1,"85":1,"86":1,"87":1,"88":1,"89":1,"90":1,"91":1,"92":1,"93":1},"f":{"0":12,"1":4,"2":2,"3":2,"4":4,"5":3,"6":0,"7":1,"8":1,"9":1,"10":2,"11":0,"12":0,"13":10,"14":1,"15":1,"16":7,"17":6,"18":4,"19":0,"20":3,"21":7,"22":1,"23":0,"24":0},"b":{"0":[0],"1":[0],"2":[1],"3":[0,0],"4":[0],"5":[0],"6":[0,1],"7":[1,0],"8":[0],"9":[0,1],"10":[0,1],"11":[0,0],"12":[1,3],"13":[1,2],"14":[0],"15":[0],"16":[4,3],"17":[0],"18":[0,1]},"_coverageSchema":"1a1c01bbd47fc00a2c39e90264f33305004495a9","hash":"b4530ceaf1b2b5d32672f577e7a8b0eeafc0a719"}
,"C:\\Users\\jayla\\OneDrive\\Desktop\\Study Files\\BCIS211 - Web and media development\\assesment\\triathlon\\model\\session.js": {"path":"C:\\Users\\jayla\\OneDrive\\Desktop\\Study Files\\BCIS211 - Web and media development\\assesment\\triathlon\\model\\session.js","statementMap":{"0":{"start":{"line":7,"column":8},"end":{"line":7,"column":20}},"1":{"start":{"line":8,"column":8},"end":{"line":8,"column":24}},"2":{"start":{"line":9,"column":8},"end":{"line":9,"column":30}},"3":{"start":{"line":10,"column":8},"end":{"line":10,"column":25}},"4":{"start":{"line":11,"column":8},"end":{"line":11,"column":31}},"5":{"start":{"line":14,"column":17},"end":{"line":16,"column":5}},"6":{"start":{"line":15,"column":8},"end":{"line":15,"column":34}},"7":{"start":{"line":17,"column":15},"end":{"line":19,"column":5}},"8":{"start":{"line":18,"column":8},"end":{"line":18,"column":120}}},"fnMap":{"0":{"name":"(anonymous_0)","decl":{"start":{"line":6,"column":4},"end":{"line":6,"column":5}},"loc":{"start":{"line":6,"column":32},"end":{"line":12,"column":5}},"line":6},"1":{"name":"(anonymous_1)","decl":{"start":{"line":14,"column":17},"end":{"line":14,"column":18}},"loc":{"start":{"line":14,"column":30},"end":{"line":16,"column":5}},"line":14},"2":{"name":"(anonymous_2)","decl":{"start":{"line":17,"column":15},"end":{"line":17,"column":16}},"loc":{"start":{"line":17,"column":21},"end":{"line":19,"column":5}},"line":17}},"branchMap":{},"s":{"0":11,"1":11,"2":11,"3":11,"4":11,"5":11,"6":2,"7":11,"8":1},"f":{"0":11,"1":2,"2":1},"b":{},"_coverageSchema":"1a1c01bbd47fc00a2c39e90264f33305004495a9","hash":"c0d582800485304fd64c3eb692d234cec9c33c0e"}
,"C:\\Users\\jayla\\OneDrive\\Desktop\\Study Files\\BCIS211 - Web and media development\\assesment\\triathlon\\model\\utils.js": {"path":"C:\\Users\\jayla\\OneDrive\\Desktop\\Study Files\\BCIS211 - Web and media development\\assesment\\triathlon\\model\\utils.js","statementMap":{"0":{"start":{"line":4,"column":8},"end":{"line":6,"column":9}},"1":{"start":{"line":5,"column":12},"end":{"line":5,"column":62}},"2":{"start":{"line":8,"column":8},"end":{"line":10,"column":9}},"3":{"start":{"line":9,"column":12},"end":{"line":9,"column":65}}},"fnMap":{"0":{"name":"(anonymous_0)","decl":{"start":{"line":3,"column":4},"end":{"line":3,"column":5}},"loc":{"start":{"line":3,"column":56},"end":{"line":11,"column":5}},"line":3}},"branchMap":{"0":{"loc":{"start":{"line":4,"column":8},"end":{"line":6,"column":9}},"type":"if","locations":[{"start":{"line":4,"column":8},"end":{"line":6,"column":9}},{"start":{},"end":{}}],"line":4},"1":{"loc":{"start":{"line":4,"column":12},"end":{"line":4,"column":67}},"type":"binary-expr","locations":[{"start":{"line":4,"column":12},"end":{"line":4,"column":36}},{"start":{"line":4,"column":40},"end":{"line":4,"column":67}}],"line":4},"2":{"loc":{"start":{"line":8,"column":8},"end":{"line":10,"column":9}},"type":"if","locations":[{"start":{"line":8,"column":8},"end":{"line":10,"column":9}},{"start":{},"end":{}}],"line":8},"3":{"loc":{"start":{"line":8,"column":12},"end":{"line":8,"column":46}},"type":"binary-expr","locations":[{"start":{"line":8,"column":12},"end":{"line":8,"column":34}},{"start":{"line":8,"column":38},"end":{"line":8,"column":46}}],"line":8}},"s":{"0":3,"1":1,"2":2,"3":1},"f":{"0":3},"b":{"0":[1,2],"1":[3,2],"2":[1,0],"3":[2,1]},"_coverageSchema":"1a1c01bbd47fc00a2c39e90264f33305004495a9","hash":"41ba09fc0a3ef3c0dc291cb27d6b96f261fa8a4b"}
,"C:\\Users\\jayla\\OneDrive\\Desktop\\Study Files\\BCIS211 - Web and media development\\assesment\\triathlon\\model\\workout.js": {"path":"C:\\Users\\jayla\\OneDrive\\Desktop\\Study Files\\BCIS211 - Web and media development\\assesment\\triathlon\\model\\workout.js","statementMap":{"0":{"start":{"line":6,"column":13},"end":{"line":6,"column":18}},"1":{"start":{"line":7,"column":15},"end":{"line":7,"column":34}},"2":{"start":{"line":10,"column":8},"end":{"line":10,"column":20}},"3":{"start":{"line":11,"column":8},"end":{"line":11,"column":24}},"4":{"start":{"line":12,"column":8},"end":{"line":12,"column":24}},"5":{"start":{"line":13,"column":8},"end":{"line":13,"column":32}},"6":{"start":{"line":14,"column":8},"end":{"line":14,"column":28}},"7":{"start":{"line":15,"column":8},"end":{"line":15,"column":30}},"8":{"start":{"line":18,"column":8},"end":{"line":18,"column":101}}},"fnMap":{"0":{"name":"(anonymous_0)","decl":{"start":{"line":9,"column":4},"end":{"line":9,"column":5}},"loc":{"start":{"line":9,"column":53},"end":{"line":16,"column":5}},"line":9},"1":{"name":"(anonymous_1)","decl":{"start":{"line":17,"column":4},"end":{"line":17,"column":5}},"loc":{"start":{"line":17,"column":14},"end":{"line":19,"column":5}},"line":17}},"branchMap":{},"s":{"0":5,"1":5,"2":5,"3":5,"4":5,"5":5,"6":5,"7":5,"8":1},"f":{"0":5,"1":1},"b":{},"_coverageSchema":"1a1c01bbd47fc00a2c39e90264f33305004495a9","hash":"1c0782e49617340f24648238c86d3d5d6146eebb"}
}
