TN:
SF:model\manager.js
FN:6,(anonymous_0)
FN:11,(anonymous_1)
FN:16,(anonymous_2)
FN:17,(anonymous_3)
FN:20,(anonymous_4)
FN:20,(anonymous_5)
FN:22,(anonymous_6)
FN:29,(anonymous_7)
FN:34,(anonymous_8)
FN:39,(anonymous_9)
FN:43,(anonymous_10)
FN:49,(anonymous_11)
FN:53,(anonymous_12)
FN:60,(anonymous_13)
FN:64,(anonymous_14)
FN:65,(anonymous_15)
FN:68,(anonymous_16)
FN:68,(anonymous_17)
FN:70,(anonymous_18)
FN:84,(anonymous_19)
FN:88,(anonymous_20)
FN:90,(anonymous_21)
FN:95,(anonymous_22)
FN:101,(anonymous_23)
FN:102,(anonymous_24)
FNF:25
FNH:19
FNDA:12,(anonymous_0)
FNDA:4,(anonymous_1)
FNDA:2,(anonymous_2)
FNDA:2,(anonymous_3)
FNDA:4,(anonymous_4)
FNDA:3,(anonymous_5)
FNDA:0,(anonymous_6)
FNDA:1,(anonymous_7)
FNDA:1,(anonymous_8)
FNDA:1,(anonymous_9)
FNDA:2,(anonymous_10)
FNDA:0,(anonymous_11)
FNDA:0,(anonymous_12)
FNDA:10,(anonymous_13)
FNDA:1,(anonymous_14)
FNDA:1,(anonymous_15)
FNDA:7,(anonymous_16)
FNDA:6,(anonymous_17)
FNDA:4,(anonymous_18)
FNDA:0,(anonymous_19)
FNDA:3,(anonymous_20)
FNDA:7,(anonymous_21)
FNDA:1,(anonymous_22)
FNDA:0,(anonymous_23)
FNDA:0,(anonymous_24)
DA:7,12
DA:8,12
DA:11,12
DA:12,4
DA:13,4
DA:14,4
DA:16,12
DA:17,2
DA:20,12
DA:22,12
DA:23,0
DA:24,0
DA:26,0
DA:29,12
DA:30,1
DA:31,1
DA:33,1
DA:34,1
DA:35,1
DA:39,12
DA:40,1
DA:41,1
DA:43,2
DA:44,1
DA:46,1
DA:49,12
DA:50,0
DA:51,0
DA:53,0
DA:60,12
DA:61,10
DA:62,10
DA:64,12
DA:65,1
DA:68,12
DA:70,12
DA:71,4
DA:72,4
DA:73,4
DA:74,1
DA:75,1
DA:77,3
DA:78,1
DA:79,1
DA:81,2
DA:84,12
DA:85,0
DA:88,12
DA:89,3
DA:90,3
DA:91,7
DA:95,12
DA:96,1
DA:97,1
DA:98,1
DA:101,12
DA:102,0
DA:110,1
DA:111,1
DA:112,1
DA:113,1
DA:114,1
DA:116,1
DA:117,1
DA:118,1
DA:119,1
DA:120,1
DA:122,1
DA:123,1
DA:130,1
DA:137,1
DA:139,1
DA:141,1
DA:142,1
DA:146,1
DA:147,1
DA:149,1
DA:154,1
DA:160,1
LF:79
LH:71
BRDA:11,0,0,0
BRDA:11,1,0,0
BRDA:11,2,0,1
BRDA:24,3,0,0
BRDA:24,3,1,0
BRDA:29,4,0,0
BRDA:29,5,0,0
BRDA:31,6,0,0
BRDA:31,6,1,1
BRDA:35,7,0,1
BRDA:35,7,1,0
BRDA:39,8,0,0
BRDA:41,9,0,0
BRDA:41,9,1,1
BRDA:44,10,0,0
BRDA:44,10,1,1
BRDA:51,11,0,0
BRDA:51,11,1,0
BRDA:73,12,0,1
BRDA:73,12,1,3
BRDA:77,13,0,1
BRDA:77,13,1,2
BRDA:88,14,0,0
BRDA:88,15,0,0
BRDA:91,16,0,4
BRDA:91,16,1,3
BRDA:95,17,0,0
BRDA:97,18,0,0
BRDA:97,18,1,1
BRF:29
BRH:12
end_of_record
TN:
SF:model\session.js
FN:6,(anonymous_0)
FN:14,(anonymous_1)
FN:17,(anonymous_2)
FNF:3
FNH:3
FNDA:11,(anonymous_0)
FNDA:2,(anonymous_1)
FNDA:1,(anonymous_2)
DA:7,11
DA:8,11
DA:9,11
DA:10,11
DA:11,11
DA:14,11
DA:15,2
DA:17,11
DA:18,1
LF:9
LH:9
BRF:0
BRH:0
end_of_record
TN:
SF:model\utils.js
FN:3,(anonymous_0)
FNF:1
FNH:1
FNDA:3,(anonymous_0)
DA:4,3
DA:5,1
DA:8,2
DA:9,1
LF:4
LH:4
BRDA:4,0,0,1
BRDA:4,0,1,2
BRDA:4,1,0,3
BRDA:4,1,1,2
BRDA:8,2,0,1
BRDA:8,2,1,0
BRDA:8,3,0,2
BRDA:8,3,1,1
BRF:8
BRH:7
end_of_record
TN:
SF:model\workout.js
FN:9,(anonymous_0)
FN:17,(anonymous_1)
FNF:2
FNH:2
FNDA:5,(anonymous_0)
FNDA:1,(anonymous_1)
DA:6,5
DA:7,5
DA:10,5
DA:11,5
DA:12,5
DA:13,5
DA:14,5
DA:15,5
DA:18,1
LF:9
LH:9
BRF:0
BRH:0
end_of_record
